<?xml version="1.0" encoding="UTF-8"?>
<!-- Generated by org.testng.reporters.JUnitReportReporter -->
<testsuite skipped="0" hostname="LAPTOP-20464U94" name="testcases.TC002AddNewPayee" tests="1" failures="0" timestamp="05 Jun 2021 14:28:36 GMT" time="5.879" errors="0">
  <testcase name="AddPayee" time="5.879" classname="testcases.TC002AddNewPayee"/>
</testsuite> <!-- testcases.TC002AddNewPayee -->
