<?xml version="1.0" encoding="UTF-8"?>
<!-- Generated by org.testng.reporters.JUnitReportReporter -->
<testsuite skipped="0" hostname="LAPTOP-20464U94" name="testcases.TC002AddNewPayee" tests="1" failures="0" timestamp="02 Apr 2021 23:28:54 GMT" time="9.143" errors="0">
  <testcase name="AddPayee" time="9.143" classname="testcases.TC002AddNewPayee"/>
</testsuite> <!-- testcases.TC002AddNewPayee -->
