<?xml version="1.0" encoding="UTF-8"?>
<!-- Generated by org.testng.reporters.JUnitReportReporter -->
<testsuite skipped="0" hostname="LAPTOP-20464U94" name="testcases.TC003PayBillSprint" tests="1" failures="0" timestamp="06 Nov 2021 19:57:53 GMT" time="2.753" errors="0">
  <testcase name="payBillSprint" time="2.753" classname="testcases.TC003PayBillSprint"/>
</testsuite> <!-- testcases.TC003PayBillSprint -->
