<?xml version="1.0" encoding="UTF-8"?>
<!-- Generated by org.testng.reporters.JUnitReportReporter -->
<testsuite skipped="0" hostname="LAPTOP-20464U94" name="testcases.TC003PayBillSprint" tests="1" failures="0" timestamp="13 Nov 2021 15:32:41 GMT" time="2.586" errors="0">
  <testcase name="payBillSprint" time="2.586" classname="testcases.TC003PayBillSprint"/>
</testsuite> <!-- testcases.TC003PayBillSprint -->
